<?xml version="1.0" encoding="UTF-8"?>
<!-- Generated by org.testng.reporters.JUnitXMLReporter -->
<testsuite ignored="0" hostname="DESKTOP-EG1V1JT" failures="0" tests="5" name="Default test" time="67.386" errors="0" timestamp="14 May 2021 05:30:14 GMT">
  <testcase classname="pages.SeFoundationSiteOpeningUp" name="initialize" time="10.105"/>
  <testcase classname="pages.SeFoundationSiteOpeningUp" name="initialize" time="8.675"/>
  <testcase classname="pages.SeFoundationSiteOpeningUp" name="initialize" time="18.807"/>
  <testcase classname="pages.SeFoundationSiteOpeningUp" name="initialize" time="15.77"/>
  <testcase classname="pages.SeFoundationSiteOpeningUp" name="initialize" time="13.739"/>
</testsuite> <!-- Default test -->
