<?xml version="1.0" encoding="UTF-8"?>
<testng-results ignored="0" total="5" passed="5" failed="0" skipped="0">
  <reporter-output>
  </reporter-output>
  <suite started-at="2021-05-14T05:29:07Z" name="Default suite" finished-at="2021-05-14T05:30:14Z" duration-ms="67386">
    <groups>
    </groups>
    <test started-at="2021-05-14T05:29:07Z" name="Default test" finished-at="2021-05-14T05:30:14Z" duration-ms="67386">
      <class name="pages.SeFoundationSiteOpeningUp">
        <test-method signature="initialize()[pri:0, instance:pages.SeFoundationSiteOpeningUp@2f465398]" started-at="2021-05-14T05:29:07Z" name="initialize" finished-at="2021-05-14T05:29:17Z" duration-ms="10105" status="PASS">
          <reporter-output>
          </reporter-output>
        </test-method> <!-- initialize -->
        <test-method signature="initialize()[pri:0, instance:pages.SeFoundationSiteOpeningUp@2f465398]" started-at="2021-05-14T05:29:17Z" name="initialize" finished-at="2021-05-14T05:29:26Z" duration-ms="8675" status="PASS">
          <reporter-output>
          </reporter-output>
        </test-method> <!-- initialize -->
        <test-method signature="initialize()[pri:0, instance:pages.SeFoundationSiteOpeningUp@2f465398]" started-at="2021-05-14T05:29:26Z" name="initialize" finished-at="2021-05-14T05:29:44Z" duration-ms="18807" status="PASS">
          <reporter-output>
          </reporter-output>
        </test-method> <!-- initialize -->
        <test-method signature="initialize()[pri:0, instance:pages.SeFoundationSiteOpeningUp@2f465398]" started-at="2021-05-14T05:29:44Z" name="initialize" finished-at="2021-05-14T05:30:00Z" duration-ms="15770" status="PASS">
          <reporter-output>
          </reporter-output>
        </test-method> <!-- initialize -->
        <test-method signature="initialize()[pri:0, instance:pages.SeFoundationSiteOpeningUp@2f465398]" started-at="2021-05-14T05:30:00Z" name="initialize" finished-at="2021-05-14T05:30:14Z" duration-ms="13739" status="PASS">
          <reporter-output>
          </reporter-output>
        </test-method> <!-- initialize -->
        <test-method is-config="true" signature="closeDriver()[pri:0, instance:pages.SeFoundationSiteOpeningUp@2f465398]" started-at="2021-05-14T05:30:14Z" name="closeDriver" finished-at="2021-05-14T05:30:14Z" duration-ms="200" status="PASS">
          <reporter-output>
          </reporter-output>
        </test-method> <!-- closeDriver -->
      </class> <!-- pages.SeFoundationSiteOpeningUp -->
    </test> <!-- Default test -->
  </suite> <!-- Default suite -->
</testng-results>
